<?xml version="1.0" encoding="UTF-8"?>
<testsuite name="com.brunovt.ineedit.domain.usecase.MoveColumnUseCaseTest" tests="4" skipped="0" failures="0" errors="0" timestamp="2026-05-17T05:52:42" hostname="bruno-saldo" time="0.009">
  <properties/>
  <testcase name="should preserve all other fields when moving column()" classname="com.brunovt.ineedit.domain.usecase.MoveColumnUseCaseTest" time="0.002"/>
  <testcase name="should update updatedAt timestamp when moving column()" classname="com.brunovt.ineedit.domain.usecase.MoveColumnUseCaseTest" time="0.002"/>
  <testcase name="should throw when entry does not exist()" classname="com.brunovt.ineedit.domain.usecase.MoveColumnUseCaseTest" time="0.002"/>
  <testcase name="should update entry column to target column()" classname="com.brunovt.ineedit.domain.usecase.MoveColumnUseCaseTest" time="0.002"/>
  <system-out><![CDATA[]]></system-out>
  <system-err><![CDATA[]]></system-err>
</testsuite>
